Using pre-set license
Built from '2020.3/staging' branch; Version is '2020.3.5f1 (8095aa901b9b) revision 8426922'; Using compiler version '192528614'; Build Type 'Release'
OS: 'Windows 10 Home Single Language; OS build 19042.1165; Version 2009; 64bit' Language: 'en' Physical Memory: 4002 MB
BatchMode: 1, IsHumanControllingUs: 0, StartBugReporterOnCrash: 0, Is64bit: 1, IsPro: 0

 COMMAND LINE ARGUMENTS:
C:\Program Files\Unity\Hub\Editor\2020.3.5f1\Editor\Unity.exe
-adb2
-batchMode
-noUpm
-name
AssetImportWorker0
-projectPath
C:/Users/GachaBless/Documents/GitHub/YawQuestionMark
-logFile
Logs/AssetImportWorker0.log
-srvPort
55368
Successfully changed project path to: C:/Users/GachaBless/Documents/GitHub/YawQuestionMark
C:/Users/GachaBless/Documents/GitHub/YawQuestionMark
Using Asset Import Pipeline V2.
Refreshing native plugins compatible for Editor in 43.07 ms, found 0 plugins.
Preloading 0 native plugins for Editor in 0.00 ms.
Initialize engine version: 2020.3.5f1 (8095aa901b9b)
[Subsystems] Discovering subsystems at path C:/Program Files/Unity/Hub/Editor/2020.3.5f1/Editor/Data/Resources/UnitySubsystems
[Subsystems] Discovering subsystems at path C:/Users/GachaBless/Documents/GitHub/YawQuestionMark/Assets
GfxDevice: creating device client; threaded=0
Direct3D:
    Version:  Direct3D 11.0 [level 11.0]
    Renderer: Intel(R) HD Graphics 4000 (ID=0x166)
    Vendor:   
    VRAM:     128 MB
    Driver:   10.18.10.5129
Initialize mono
Mono path[0] = 'C:/Program Files/Unity/Hub/Editor/2020.3.5f1/Editor/Data/Managed'
Mono path[1] = 'C:/Program Files/Unity/Hub/Editor/2020.3.5f1/Editor/Data/MonoBleedingEdge/lib/mono/unityjit'
Mono config path = 'C:/Program Files/Unity/Hub/Editor/2020.3.5f1/Editor/Data/MonoBleedingEdge/etc'
Using monoOptions --debugger-agent=transport=dt_socket,embedding=1,server=y,suspend=n,address=127.0.0.1:56100
Begin MonoManager ReloadAssembly
Registering precompiled unity dll's ...
Register platform support module: C:/Program Files/Unity/Hub/Editor/2020.3.5f1/Editor/Data/PlaybackEngines/WindowsStandaloneSupport/UnityEditor.WindowsStandalone.Extensions.dll
Registered in 0.003729 seconds.
Native extension for WindowsStandalone target not found
Refreshing native plugins compatible for Editor in 41.26 ms, found 0 plugins.
Preloading 0 native plugins for Editor in 0.00 ms.
Mono: successfully reloaded assembly
- Completed reload, in  6.058 seconds
Platform modules already initialized, skipping
Registering precompiled user dll's ...
Registered in 0.001032 seconds.
Begin MonoManager ReloadAssembly
Native extension for WindowsStandalone target not found
Refreshing native plugins compatible for Editor in 0.28 ms, found 0 plugins.
Preloading 0 native plugins for Editor in 0.00 ms.
Mono: successfully reloaded assembly
- Completed reload, in  1.341 seconds
Platform modules already initialized, skipping
========================================================================
Worker process is ready to serve import requests
Launched and connected shader compiler UnityShaderCompiler.exe after 0.09 seconds
Refreshing native plugins compatible for Editor in 0.41 ms, found 0 plugins.
Preloading 0 native plugins for Editor in 0.00 ms.
Unloading 1137 Unused Serialized files (Serialized files now loaded: 0)
System memory in use before: 67.9 MB.
System memory in use after: 67.9 MB.

Unloading 10 unused Assets to reduce memory usage. Loaded Objects now: 1579.
Total: 2.321800 ms (FindLiveObjects: 0.169200 ms CreateObjectMapping: 0.067200 ms MarkObjects: 1.974000 ms  DeleteObjects: 0.109800 ms)

========================================================================
Received Import Request.
  path: Assets/YawVR/Scenes
  artifactKey: Guid(effc09aaaea0305408ac7b788434ceb3) Importer(815301076,1909f56bfc062723c751e8b465ee728b)
Start importing Assets/YawVR/Scenes using Guid(effc09aaaea0305408ac7b788434ceb3) Importer(815301076,1909f56bfc062723c751e8b465ee728b)  -> (artifact id: 'dce21e74d3a34069661d4f43d199e6e0') in 0.014639 seconds
  Import took 0.018726 seconds .

========================================================================
Received Import Request.
  Time since last request: 0.000463 seconds.
  path: Assets/YawVR/Scenes/YawScene.unity
  artifactKey: Guid(81bb6ee2e71f61d408e56accd00438ba) Importer(815301076,1909f56bfc062723c751e8b465ee728b)
Start importing Assets/YawVR/Scenes/YawScene.unity using Guid(81bb6ee2e71f61d408e56accd00438ba) Importer(815301076,1909f56bfc062723c751e8b465ee728b)  -> (artifact id: 'e91f1630a305a00fa4673db4fb54cb4f') in 0.025616 seconds
  Import took 0.030875 seconds .

========================================================================
Received Import Request.
  Time since last request: 0.000454 seconds.
  path: Assets/YawVR
  artifactKey: Guid(345c0c8995e30456780cbebd928e6a69) Importer(815301076,1909f56bfc062723c751e8b465ee728b)
Start importing Assets/YawVR using Guid(345c0c8995e30456780cbebd928e6a69) Importer(815301076,1909f56bfc062723c751e8b465ee728b)  -> (artifact id: '25ba0617843b3fc72f019e2d05d5d373') in 0.013917 seconds
  Import took 0.018503 seconds .

========================================================================
Received Prepare
Registering precompiled user dll's ...
Registered in 0.001373 seconds.
Begin MonoManager ReloadAssembly
Native extension for WindowsStandalone target not found
Refreshing native plugins compatible for Editor in 0.28 ms, found 0 plugins.
Preloading 0 native plugins for Editor in 0.00 ms.
Mono: successfully reloaded assembly
- Completed reload, in  1.357 seconds
Platform modules already initialized, skipping
Refreshing native plugins compatible for Editor in 0.43 ms, found 0 plugins.
Preloading 0 native plugins for Editor in 0.00 ms.
Unloading 1132 Unused Serialized files (Serialized files now loaded: 0)
System memory in use before: 67.8 MB.
System memory in use after: 67.9 MB.

Unloading 5 unused Assets to reduce memory usage. Loaded Objects now: 1582.
Total: 3.887000 ms (FindLiveObjects: 0.378400 ms CreateObjectMapping: 0.142900 ms MarkObjects: 3.257800 ms  DeleteObjects: 0.104500 ms)

========================================================================
Received Prepare
Registering precompiled user dll's ...
Registered in 0.001043 seconds.
Begin MonoManager ReloadAssembly
Native extension for WindowsStandalone target not found
Refreshing native plugins compatible for Editor in 0.33 ms, found 0 plugins.
Preloading 0 native plugins for Editor in 0.00 ms.
Mono: successfully reloaded assembly
- Completed reload, in  1.199 seconds
Platform modules already initialized, skipping
Refreshing native plugins compatible for Editor in 0.45 ms, found 0 plugins.
Preloading 0 native plugins for Editor in 0.00 ms.
Unloading 1132 Unused Serialized files (Serialized files now loaded: 0)
System memory in use before: 67.8 MB.
System memory in use after: 67.9 MB.

Unloading 5 unused Assets to reduce memory usage. Loaded Objects now: 1585.
Total: 2.302900 ms (FindLiveObjects: 0.210300 ms CreateObjectMapping: 0.058100 ms MarkObjects: 1.949400 ms  DeleteObjects: 0.082700 ms)

AssetImportWorkerClient::OnTransportError - code=2 error=End of file
